<?xml version="1.0" encoding="UTF-8"?>
<testsuite xmlns:xsi="http://www.w3.org/2001/XMLSchema-instance" xsi:noNamespaceSchemaLocation="https://maven.apache.org/surefire/maven-surefire-plugin/xsd/surefire-test-report.xsd" name="ru.netology.stats.StatsServiceTest" time="0.038" tests="6" errors="0" skipped="0" failures="0">
  <properties>
    <property name="sun.desktop" value="windows"/>
    <property name="awt.toolkit" value="sun.awt.windows.WToolkit"/>
    <property name="java.specification.version" value="11"/>
    <property name="sun.cpu.isalist" value="amd64"/>
    <property name="sun.jnu.encoding" value="Cp1251"/>
    <property name="java.class.path" value="C:\Users\Анна\IdeaProjects\Maven2\target\test-classes;C:\Users\Анна\IdeaProjects\Maven2\target\classes;C:\Users\Анна\.m2\repository\org\junit\jupiter\junit-jupiter\5.4.2\junit-jupiter-5.4.2.jar;C:\Users\Анна\.m2\repository\org\junit\jupiter\junit-jupiter-api\5.4.2\junit-jupiter-api-5.4.2.jar;C:\Users\Анна\.m2\repository\org\apiguardian\apiguardian-api\1.0.0\apiguardian-api-1.0.0.jar;C:\Users\Анна\.m2\repository\org\opentest4j\opentest4j\1.1.1\opentest4j-1.1.1.jar;C:\Users\Анна\.m2\repository\org\junit\platform\junit-platform-commons\1.4.2\junit-platform-commons-1.4.2.jar;C:\Users\Анна\.m2\repository\org\junit\jupiter\junit-jupiter-params\5.4.2\junit-jupiter-params-5.4.2.jar;C:\Users\Анна\.m2\repository\org\junit\jupiter\junit-jupiter-engine\5.4.2\junit-jupiter-engine-5.4.2.jar;C:\Users\Анна\.m2\repository\org\junit\platform\junit-platform-engine\1.4.2\junit-platform-engine-1.4.2.jar;"/>
    <property name="java.vm.vendor" value="Amazon.com Inc."/>
    <property name="sun.arch.data.model" value="64"/>
    <property name="user.variant" value=""/>
    <property name="java.vendor.url" value="https://aws.amazon.com/corretto/"/>
    <property name="user.timezone" value="Europe/Moscow"/>
    <property name="java.vm.specification.version" value="11"/>
    <property name="os.name" value="Windows 10"/>
    <property name="sun.java.launcher" value="SUN_STANDARD"/>
    <property name="user.country" value="RU"/>
    <property name="sun.boot.library.path" value="C:\Users\Анна\.jdks\corretto-11.0.12\bin"/>
    <property name="sun.java.command" value="C:\Users\0D04~1\AppData\Local\Temp\surefire7883943489766669698\surefirebooter11769185734739256400.jar C:\Users\Анна\AppData\Local\Temp\surefire7883943489766669698 2021-11-06T13-36-09_056-jvmRun1 surefire10926080274218876040tmp surefire_06405579903252269345tmp"/>
    <property name="jdk.debug" value="release"/>
    <property name="surefire.test.class.path" value="C:\Users\Анна\IdeaProjects\Maven2\target\test-classes;C:\Users\Анна\IdeaProjects\Maven2\target\classes;C:\Users\Анна\.m2\repository\org\junit\jupiter\junit-jupiter\5.4.2\junit-jupiter-5.4.2.jar;C:\Users\Анна\.m2\repository\org\junit\jupiter\junit-jupiter-api\5.4.2\junit-jupiter-api-5.4.2.jar;C:\Users\Анна\.m2\repository\org\apiguardian\apiguardian-api\1.0.0\apiguardian-api-1.0.0.jar;C:\Users\Анна\.m2\repository\org\opentest4j\opentest4j\1.1.1\opentest4j-1.1.1.jar;C:\Users\Анна\.m2\repository\org\junit\platform\junit-platform-commons\1.4.2\junit-platform-commons-1.4.2.jar;C:\Users\Анна\.m2\repository\org\junit\jupiter\junit-jupiter-params\5.4.2\junit-jupiter-params-5.4.2.jar;C:\Users\Анна\.m2\repository\org\junit\jupiter\junit-jupiter-engine\5.4.2\junit-jupiter-engine-5.4.2.jar;C:\Users\Анна\.m2\repository\org\junit\platform\junit-platform-engine\1.4.2\junit-platform-engine-1.4.2.jar;"/>
    <property name="sun.cpu.endian" value="little"/>
    <property name="user.home" value="C:\Users\Анна"/>
    <property name="user.language" value="ru"/>
    <property name="java.specification.vendor" value="Oracle Corporation"/>
    <property name="java.version.date" value="2021-07-20"/>
    <property name="java.home" value="C:\Users\Анна\.jdks\corretto-11.0.12"/>
    <property name="file.separator" value="\"/>
    <property name="basedir" value="C:\Users\Анна\IdeaProjects\Maven2"/>
    <property name="java.vm.compressedOopsMode" value="32-bit"/>
    <property name="line.separator" value="&#10;"/>
    <property name="java.specification.name" value="Java Platform API Specification"/>
    <property name="java.vm.specification.vendor" value="Oracle Corporation"/>
    <property name="java.awt.graphicsenv" value="sun.awt.Win32GraphicsEnvironment"/>
    <property name="surefire.real.class.path" value="C:\Users\0D04~1\AppData\Local\Temp\surefire7883943489766669698\surefirebooter11769185734739256400.jar"/>
    <property name="user.script" value=""/>
    <property name="sun.management.compiler" value="HotSpot 64-Bit Tiered Compilers"/>
    <property name="java.runtime.version" value="11.0.12+7-LTS"/>
    <property name="user.name" value="Анна"/>
    <property name="path.separator" value=";"/>
    <property name="os.version" value="10.0"/>
    <property name="java.runtime.name" value="OpenJDK Runtime Environment"/>
    <property name="file.encoding" value="Cp1251"/>
    <property name="java.vm.name" value="OpenJDK 64-Bit Server VM"/>
    <property name="java.vendor.version" value="Corretto-11.0.12.7.1"/>
    <property name="localRepository" value="C:\Users\Анна\.m2\repository"/>
    <property name="java.vendor.url.bug" value="https://github.com/corretto/corretto-11/issues/"/>
    <property name="java.io.tmpdir" value="C:\Users\0D04~1\AppData\Local\Temp\"/>
    <property name="idea.version" value="2021.2.2"/>
    <property name="java.version" value="11.0.12"/>
    <property name="user.dir" value="C:\Users\Анна\IdeaProjects\Maven2"/>
    <property name="os.arch" value="amd64"/>
    <property name="java.vm.specification.name" value="Java Virtual Machine Specification"/>
    <property name="java.awt.printerjob" value="sun.awt.windows.WPrinterJob"/>
    <property name="sun.os.patch.level" value=""/>
    <property name="java.library.path" value="C:\Users\Анна\.jdks\corretto-11.0.12\bin;C:\WINDOWS\Sun\Java\bin;C:\WINDOWS\system32;C:\WINDOWS;C:\Program Files (x86)\Common Files\Oracle\Java\javapath;C:\Program Files\Eclipse Foundation\jdk-11.0.12.7-hotspot\bin;C:\WINDOWS\system32;C:\WINDOWS;C:\WINDOWS\System32\Wbem;C:\WINDOWS\System32\WindowsPowerShell\v1.0\;C:\WINDOWS\System32\OpenSSH\;C:\Program Files\Git\cmd;C:\Users\Анна\AppData\Local\Microsoft\WindowsApps;C:\Users\Анна\AppData\Local\Programs\Microsoft VS Code\bin;C:\Users\Анна\AppData\Local\atom\bin;C:\Users\Анна\AppData\Local\GitHubDesktop\bin;."/>
    <property name="java.vm.info" value="mixed mode"/>
    <property name="java.vendor" value="Amazon.com Inc."/>
    <property name="java.vm.version" value="11.0.12+7-LTS"/>
    <property name="sun.io.unicode.encoding" value="UnicodeLittle"/>
    <property name="java.class.version" value="55.0"/>
  </properties>
  <testcase name="shouldMonthMaxSales" classname="ru.netology.stats.StatsServiceTest" time="0.02"/>
  <testcase name="shouldAvg" classname="ru.netology.stats.StatsServiceTest" time="0"/>
  <testcase name="shouldCalculateSum" classname="ru.netology.stats.StatsServiceTest" time="0.001"/>
  <testcase name="shouldMaxSales" classname="ru.netology.stats.StatsServiceTest" time="0.001"/>
  <testcase name="shouldMonthMinSales" classname="ru.netology.stats.StatsServiceTest" time="0.001"/>
  <testcase name="shouldMinSales" classname="ru.netology.stats.StatsServiceTest" time="0.001"/>
</testsuite>